  MainForm.cpp
D:\Tin\Nam 3\Ki 1\Разработка приложений на C++ и C(174,22): warning C4566: character represented by universal-character-name '\u041F' cannot be represented in the current code page (1252)
D:\Tin\Nam 3\Ki 1\Разработка приложений на C++ и C(174,22): warning C4566: character represented by universal-character-name '\u043E' cannot be represented in the current code page (1252)
D:\Tin\Nam 3\Ki 1\Разработка приложений на C++ и C(174,22): warning C4566: character represented by universal-character-name '\u0436' cannot be represented in the current code page (1252)
D:\Tin\Nam 3\Ki 1\Разработка приложений на C++ и C(174,22): warning C4566: character represented by universal-character-name '\u0430' cannot be represented in the current code page (1252)
D:\Tin\Nam 3\Ki 1\Разработка приложений на C++ и C(174,22): warning C4566: character represented by universal-character-name '\u043B' cannot be represented in the current code page (1252)
D:\Tin\Nam 3\Ki 1\Разработка приложений на C++ и C(174,22): warning C4566: character represented by universal-character-name '\u0443' cannot be represented in the current code page (1252)
D:\Tin\Nam 3\Ki 1\Разработка приложений на C++ и C(174,22): warning C4566: character represented by universal-character-name '\u0439' cannot be represented in the current code page (1252)
D:\Tin\Nam 3\Ki 1\Разработка приложений на C++ и C(174,22): warning C4566: character represented by universal-character-name '\u0441' cannot be represented in the current code page (1252)
D:\Tin\Nam 3\Ki 1\Разработка приложений на C++ и C(174,22): warning C4566: character represented by universal-character-name '\u0442' cannot be represented in the current code page (1252)
D:\Tin\Nam 3\Ki 1\Разработка приложений на C++ и C(174,22): warning C4566: character represented by universal-character-name '\u0432' cannot be represented in the current code page (1252)
D:\Tin\Nam 3\Ki 1\Разработка приложений на C++ и C(174,22): warning C4566: character represented by universal-character-name '\u0435' cannot be represented in the current code page (1252)
D:\Tin\Nam 3\Ki 1\Разработка приложений на C++ и C(174,22): warning C4566: character represented by universal-character-name '\u0434' cannot be represented in the current code page (1252)
D:\Tin\Nam 3\Ki 1\Разработка приложений на C++ и C(174,22): warning C4566: character represented by universal-character-name '\u0438' cannot be represented in the current code page (1252)
D:\Tin\Nam 3\Ki 1\Разработка приложений на C++ и C(174,22): warning C4566: character represented by universal-character-name '\u043F' cannot be represented in the current code page (1252)
D:\Tin\Nam 3\Ki 1\Разработка приложений на C++ и C(174,22): warning C4566: character represented by universal-character-name '\u0440' cannot be represented in the current code page (1252)
D:\Tin\Nam 3\Ki 1\Разработка приложений на C++ и C(174,22): warning C4566: character represented by universal-character-name '\u044C' cannot be represented in the current code page (1252)
D:\Tin\Nam 3\Ki 1\Разработка приложений на C++ и C(174,22): warning C4566: character represented by universal-character-name '\u043D' cannot be represented in the current code page (1252)
D:\Tin\Nam 3\Ki 1\Разработка приложений на C++ и C(174,22): warning C4566: character represented by universal-character-name '\u044B' cannot be represented in the current code page (1252)
D:\Tin\Nam 3\Ki 1\Разработка приложений на C++ и C(174,22): warning C4566: character represented by universal-character-name '\u0446' cannot be represented in the current code page (1252)
D:\Tin\Nam 3\Ki 1\Разработка приложений на C++ и C(174,22): warning C4566: character represented by universal-character-name '\u0447' cannot be represented in the current code page (1252)
D:\Tin\Nam 3\Ki 1\Разработка приложений на C++ и C(174,22): warning C4566: character represented by universal-character-name '\u044F' cannot be represented in the current code page (1252)
D:\Tin\Nam 3\Ki 1\Разработка приложений на C++ и C(174,22): warning C4566: character represented by universal-character-name '\u0448' cannot be represented in the current code page (1252)
D:\Tin\Nam 3\Ki 1\Разработка приложений на C++ и C(181,21): warning C4566: character represented by universal-character-name '\u0412' cannot be represented in the current code page (1252)
D:\Tin\Nam 3\Ki 1\Разработка приложений на C++ и C(181,21): warning C4566: character represented by universal-character-name '\u0432' cannot be represented in the current code page (1252)
D:\Tin\Nam 3\Ki 1\Разработка приложений на C++ и C(181,21): warning C4566: character represented by universal-character-name '\u0435' cannot be represented in the current code page (1252)
D:\Tin\Nam 3\Ki 1\Разработка приложений на C++ и C(181,21): warning C4566: character represented by universal-character-name '\u0434' cannot be represented in the current code page (1252)
D:\Tin\Nam 3\Ki 1\Разработка приложений на C++ и C(181,21): warning C4566: character represented by universal-character-name '\u0438' cannot be represented in the current code page (1252)
D:\Tin\Nam 3\Ki 1\Разработка приложений на C++ и C(181,21): warning C4566: character represented by universal-character-name '\u0442' cannot be represented in the current code page (1252)
D:\Tin\Nam 3\Ki 1\Разработка приложений на C++ и C(181,21): warning C4566: character represented by universal-character-name '\u043F' cannot be represented in the current code page (1252)
D:\Tin\Nam 3\Ki 1\Разработка приложений на C++ и C(181,21): warning C4566: character represented by universal-character-name '\u0440' cannot be represented in the current code page (1252)
D:\Tin\Nam 3\Ki 1\Разработка приложений на C++ и C(181,21): warning C4566: character represented by universal-character-name '\u0430' cannot be represented in the current code page (1252)
D:\Tin\Nam 3\Ki 1\Разработка приложений на C++ и C(181,21): warning C4566: character represented by universal-character-name '\u043B' cannot be represented in the current code page (1252)
D:\Tin\Nam 3\Ki 1\Разработка приложений на C++ и C(181,21): warning C4566: character represented by universal-character-name '\u044C' cannot be represented in the current code page (1252)
D:\Tin\Nam 3\Ki 1\Разработка приложений на C++ и C(181,21): warning C4566: character represented by universal-character-name '\u043D' cannot be represented in the current code page (1252)
D:\Tin\Nam 3\Ki 1\Разработка приложений на C++ и C(181,21): warning C4566: character represented by universal-character-name '\u044B' cannot be represented in the current code page (1252)
D:\Tin\Nam 3\Ki 1\Разработка приложений на C++ и C(181,21): warning C4566: character represented by universal-character-name '\u0447' cannot be represented in the current code page (1252)
D:\Tin\Nam 3\Ki 1\Разработка приложений на C++ и C(181,21): warning C4566: character represented by universal-character-name '\u0441' cannot be represented in the current code page (1252)
D:\Tin\Nam 3\Ki 1\Разработка приложений на C++ и C(181,21): warning C4566: character represented by universal-character-name '\u043E' cannot be represented in the current code page (1252)
D:\Tin\Nam 3\Ki 1\Разработка приложений на C++ и C(181,21): warning C4566: character represented by universal-character-name '\u0437' cannot be represented in the current code page (1252)
D:\Tin\Nam 3\Ki 1\Разработка приложений на C++ и C(181,21): warning C4566: character represented by universal-character-name '\u044F' cannot be represented in the current code page (1252)
D:\Tin\Nam 3\Ki 1\Разработка приложений на C++ и C(181,21): warning C4566: character represented by universal-character-name '\u0448' cannot be represented in the current code page (1252)
D:\Tin\Nam 3\Ki 1\Разработка приложений на C++ и C(180,21): warning C4101: 'ex': unreferenced local variable
D:\Tin\Nam 3\Ki 1\Разработка приложений на C++ и C(119,23): warning C4566: character represented by universal-character-name '\u041F' cannot be represented in the current code page (1252)
D:\Tin\Nam 3\Ki 1\Разработка приложений на C++ и C(119,23): warning C4566: character represented by universal-character-name '\u043E' cannot be represented in the current code page (1252)
D:\Tin\Nam 3\Ki 1\Разработка приложений на C++ и C(119,23): warning C4566: character represented by universal-character-name '\u0436' cannot be represented in the current code page (1252)
D:\Tin\Nam 3\Ki 1\Разработка приложений на C++ и C(119,23): warning C4566: character represented by universal-character-name '\u0430' cannot be represented in the current code page (1252)
D:\Tin\Nam 3\Ki 1\Разработка приложений на C++ и C(119,23): warning C4566: character represented by universal-character-name '\u043B' cannot be represented in the current code page (1252)
D:\Tin\Nam 3\Ki 1\Разработка приложений на C++ и C(119,23): warning C4566: character represented by universal-character-name '\u0443' cannot be represented in the current code page (1252)
D:\Tin\Nam 3\Ki 1\Разработка приложений на C++ и C(119,23): warning C4566: character represented by universal-character-name '\u0439' cannot be represented in the current code page (1252)
D:\Tin\Nam 3\Ki 1\Разработка приложений на C++ и C(119,23): warning C4566: character represented by universal-character-name '\u0441' cannot be represented in the current code page (1252)
D:\Tin\Nam 3\Ki 1\Разработка приложений на C++ и C(119,23): warning C4566: character represented by universal-character-name '\u0442' cannot be represented in the current code page (1252)
D:\Tin\Nam 3\Ki 1\Разработка приложений на C++ и C(119,23): warning C4566: character represented by universal-character-name '\u0432' cannot be represented in the current code page (1252)
D:\Tin\Nam 3\Ki 1\Разработка приложений на C++ и C(119,23): warning C4566: character represented by universal-character-name '\u0435' cannot be represented in the current code page (1252)
D:\Tin\Nam 3\Ki 1\Разработка приложений на C++ и C(119,23): warning C4566: character represented by universal-character-name '\u0434' cannot be represented in the current code page (1252)
D:\Tin\Nam 3\Ki 1\Разработка приложений на C++ и C(119,23): warning C4566: character represented by universal-character-name '\u0438' cannot be represented in the current code page (1252)
D:\Tin\Nam 3\Ki 1\Разработка приложений на C++ и C(119,23): warning C4566: character represented by universal-character-name '\u043F' cannot be represented in the current code page (1252)
D:\Tin\Nam 3\Ki 1\Разработка приложений на C++ и C(119,23): warning C4566: character represented by universal-character-name '\u0440' cannot be represented in the current code page (1252)
D:\Tin\Nam 3\Ki 1\Разработка приложений на C++ и C(119,23): warning C4566: character represented by universal-character-name '\u044C' cannot be represented in the current code page (1252)
D:\Tin\Nam 3\Ki 1\Разработка приложений на C++ и C(119,23): warning C4566: character represented by universal-character-name '\u043D' cannot be represented in the current code page (1252)
D:\Tin\Nam 3\Ki 1\Разработка приложений на C++ и C(119,23): warning C4566: character represented by universal-character-name '\u044B' cannot be represented in the current code page (1252)
D:\Tin\Nam 3\Ki 1\Разработка приложений на C++ и C(119,23): warning C4566: character represented by universal-character-name '\u0437' cannot be represented in the current code page (1252)
D:\Tin\Nam 3\Ki 1\Разработка приложений на C++ и C(119,23): warning C4566: character represented by universal-character-name '\u043C' cannot be represented in the current code page (1252)
D:\Tin\Nam 3\Ki 1\Разработка приложений на C++ и C(119,98): warning C4566: character represented by universal-character-name '\u041E' cannot be represented in the current code page (1252)
D:\Tin\Nam 3\Ki 1\Разработка приложений на C++ и C(119,98): warning C4566: character represented by universal-character-name '\u0448' cannot be represented in the current code page (1252)
D:\Tin\Nam 3\Ki 1\Разработка приложений на C++ и C(119,98): warning C4566: character represented by universal-character-name '\u0438' cannot be represented in the current code page (1252)
D:\Tin\Nam 3\Ki 1\Разработка приложений на C++ и C(119,98): warning C4566: character represented by universal-character-name '\u0431' cannot be represented in the current code page (1252)
D:\Tin\Nam 3\Ki 1\Разработка приложений на C++ и C(119,98): warning C4566: character represented by universal-character-name '\u043A' cannot be represented in the current code page (1252)
D:\Tin\Nam 3\Ki 1\Разработка приложений на C++ и C(119,98): warning C4566: character represented by universal-character-name '\u0430' cannot be represented in the current code page (1252)
D:\Tin\Nam 3\Ki 1\Разработка приложений на C++ и C(127,22): warning C4566: character represented by universal-character-name '\u041F' cannot be represented in the current code page (1252)
D:\Tin\Nam 3\Ki 1\Разработка приложений на C++ и C(127,22): warning C4566: character represented by universal-character-name '\u043E' cannot be represented in the current code page (1252)
D:\Tin\Nam 3\Ki 1\Разработка приложений на C++ и C(127,22): warning C4566: character represented by universal-character-name '\u0436' cannot be represented in the current code page (1252)
D:\Tin\Nam 3\Ki 1\Разработка приложений на C++ и C(127,22): warning C4566: character represented by universal-character-name '\u0430' cannot be represented in the current code page (1252)
D:\Tin\Nam 3\Ki 1\Разработка приложений на C++ и C(127,22): warning C4566: character represented by universal-character-name '\u043B' cannot be represented in the current code page (1252)
D:\Tin\Nam 3\Ki 1\Разработка приложений на C++ и C(127,22): warning C4566: character represented by universal-character-name '\u0443' cannot be represented in the current code page (1252)
D:\Tin\Nam 3\Ki 1\Разработка приложений на C++ и C(127,22): warning C4566: character represented by universal-character-name '\u0439' cannot be represented in the current code page (1252)
D:\Tin\Nam 3\Ki 1\Разработка приложений на C++ и C(127,22): warning C4566: character represented by universal-character-name '\u0441' cannot be represented in the current code page (1252)
D:\Tin\Nam 3\Ki 1\Разработка приложений на C++ и C(127,22): warning C4566: character represented by universal-character-name '\u0442' cannot be represented in the current code page (1252)
D:\Tin\Nam 3\Ki 1\Разработка приложений на C++ и C(127,22): warning C4566: character represented by universal-character-name '\u0432' cannot be represented in the current code page (1252)
D:\Tin\Nam 3\Ki 1\Разработка приложений на C++ и C(127,22): warning C4566: character represented by universal-character-name '\u0435' cannot be represented in the current code page (1252)
D:\Tin\Nam 3\Ki 1\Разработка приложений на C++ и C(127,22): warning C4566: character represented by universal-character-name '\u0434' cannot be represented in the current code page (1252)
D:\Tin\Nam 3\Ki 1\Разработка приложений на C++ и C(127,22): warning C4566: character represented by universal-character-name '\u0438' cannot be represented in the current code page (1252)
D:\Tin\Nam 3\Ki 1\Разработка приложений на C++ и C(127,22): warning C4566: character represented by universal-character-name '\u043F' cannot be represented in the current code page (1252)
D:\Tin\Nam 3\Ki 1\Разработка приложений на C++ и C(127,22): warning C4566: character represented by universal-character-name '\u0440' cannot be represented in the current code page (1252)
D:\Tin\Nam 3\Ki 1\Разработка приложений на C++ и C(127,22): warning C4566: character represented by universal-character-name '\u044C' cannot be represented in the current code page (1252)
D:\Tin\Nam 3\Ki 1\Разработка приложений на C++ и C(127,22): warning C4566: character represented by universal-character-name '\u043D' cannot be represented in the current code page (1252)
D:\Tin\Nam 3\Ki 1\Разработка приложений на C++ и C(127,22): warning C4566: character represented by universal-character-name '\u044B' cannot be represented in the current code page (1252)
D:\Tin\Nam 3\Ki 1\Разработка приложений на C++ и C(127,22): warning C4566: character represented by universal-character-name '\u0437' cannot be represented in the current code page (1252)
D:\Tin\Nam 3\Ki 1\Разработка приложений на C++ и C(127,22): warning C4566: character represented by universal-character-name '\u043C' cannot be represented in the current code page (1252)
D:\Tin\Nam 3\Ki 1\Разработка приложений на C++ и C(127,97): warning C4566: character represented by universal-character-name '\u041E' cannot be represented in the current code page (1252)
D:\Tin\Nam 3\Ki 1\Разработка приложений на C++ и C(127,97): warning C4566: character represented by universal-character-name '\u0448' cannot be represented in the current code page (1252)
D:\Tin\Nam 3\Ki 1\Разработка приложений на C++ и C(127,97): warning C4566: character represented by universal-character-name '\u0438' cannot be represented in the current code page (1252)
D:\Tin\Nam 3\Ki 1\Разработка приложений на C++ и C(127,97): warning C4566: character represented by universal-character-name '\u0431' cannot be represented in the current code page (1252)
D:\Tin\Nam 3\Ki 1\Разработка приложений на C++ и C(127,97): warning C4566: character represented by universal-character-name '\u043A' cannot be represented in the current code page (1252)
D:\Tin\Nam 3\Ki 1\Разработка приложений на C++ и C(127,97): warning C4566: character represented by universal-character-name '\u0430' cannot be represented in the current code page (1252)
D:\Tin\Nam 3\Ki 1\Разработка приложений на C++ и C(137,21): warning C4566: character represented by universal-character-name '\u0420' cannot be represented in the current code page (1252)
D:\Tin\Nam 3\Ki 1\Разработка приложений на C++ и C(137,21): warning C4566: character represented by universal-character-name '\u0430' cannot be represented in the current code page (1252)
D:\Tin\Nam 3\Ki 1\Разработка приложений на C++ и C(137,21): warning C4566: character represented by universal-character-name '\u0437' cannot be represented in the current code page (1252)
D:\Tin\Nam 3\Ki 1\Разработка приложений на C++ и C(137,21): warning C4566: character represented by universal-character-name '\u043C' cannot be represented in the current code page (1252)
D:\Tin\Nam 3\Ki 1\Разработка приложений на C++ и C(137,21): warning C4566: character represented by universal-character-name '\u0435' cannot be represented in the current code page (1252)
D:\Tin\Nam 3\Ki 1\Разработка приложений на C++ и C(137,21): warning C4566: character represented by universal-character-name '\u0440' cannot be represented in the current code page (1252)
D:\Tin\Nam 3\Ki 1\Разработка приложений на C++ и C(137,21): warning C4566: character represented by universal-character-name '\u043F' cannot be represented in the current code page (1252)
D:\Tin\Nam 3\Ki 1\Разработка приложений на C++ и C(137,21): warning C4566: character represented by universal-character-name '\u0432' cannot be represented in the current code page (1252)
D:\Tin\Nam 3\Ki 1\Разработка приложений на C++ и C(137,21): warning C4566: character represented by universal-character-name '\u044B' cannot be represented in the current code page (1252)
D:\Tin\Nam 3\Ki 1\Разработка приложений на C++ и C(137,21): warning C4566: character represented by universal-character-name '\u0448' cannot be represented in the current code page (1252)
D:\Tin\Nam 3\Ki 1\Разработка приложений на C++ и C(137,21): warning C4566: character represented by universal-character-name '\u0442' cannot be represented in the current code page (1252)
D:\Tin\Nam 3\Ki 1\Разработка приложений на C++ и C(137,21): warning C4566: character represented by universal-character-name '\u043E' cannot be represented in the current code page (1252)
D:\Tin\Nam 3\Ki 1\Разработка приложений на C++ и C(137,21): warning C4566: character represented by universal-character-name '\u043A' cannot be represented in the current code page (1252)
D:\Tin\Nam 3\Ki 1\Разработка приложений на C++ и C(137,21): warning C4566: character represented by universal-character-name '\u043D' cannot be represented in the current code page (1252)
D:\Tin\Nam 3\Ki 1\Разработка приложений на C++ и C(137,79): warning C4566: character represented by universal-character-name '\u041E' cannot be represented in the current code page (1252)
D:\Tin\Nam 3\Ki 1\Разработка приложений на C++ и C(137,79): warning C4566: character represented by universal-character-name '\u0448' cannot be represented in the current code page (1252)
D:\Tin\Nam 3\Ki 1\Разработка приложений на C++ и C(137,79): warning C4566: character represented by universal-character-name '\u0438' cannot be represented in the current code page (1252)
D:\Tin\Nam 3\Ki 1\Разработка приложений на C++ и C(137,79): warning C4566: character represented by universal-character-name '\u0431' cannot be represented in the current code page (1252)
D:\Tin\Nam 3\Ki 1\Разработка приложений на C++ и C(137,79): warning C4566: character represented by universal-character-name '\u043A' cannot be represented in the current code page (1252)
D:\Tin\Nam 3\Ki 1\Разработка приложений на C++ и C(137,79): warning C4566: character represented by universal-character-name '\u0430' cannot be represented in the current code page (1252)
  SizeForm.cpp
D:\Tin\Nam 3\Ki 1\Разработка приложений на C++ и C(174,22): warning C4566: character represented by universal-character-name '\u041F' cannot be represented in the current code page (1252)
D:\Tin\Nam 3\Ki 1\Разработка приложений на C++ и C(174,22): warning C4566: character represented by universal-character-name '\u043E' cannot be represented in the current code page (1252)
D:\Tin\Nam 3\Ki 1\Разработка приложений на C++ и C(174,22): warning C4566: character represented by universal-character-name '\u0436' cannot be represented in the current code page (1252)
D:\Tin\Nam 3\Ki 1\Разработка приложений на C++ и C(174,22): warning C4566: character represented by universal-character-name '\u0430' cannot be represented in the current code page (1252)
D:\Tin\Nam 3\Ki 1\Разработка приложений на C++ и C(174,22): warning C4566: character represented by universal-character-name '\u043B' cannot be represented in the current code page (1252)
D:\Tin\Nam 3\Ki 1\Разработка приложений на C++ и C(174,22): warning C4566: character represented by universal-character-name '\u0443' cannot be represented in the current code page (1252)
D:\Tin\Nam 3\Ki 1\Разработка приложений на C++ и C(174,22): warning C4566: character represented by universal-character-name '\u0439' cannot be represented in the current code page (1252)
D:\Tin\Nam 3\Ki 1\Разработка приложений на C++ и C(174,22): warning C4566: character represented by universal-character-name '\u0441' cannot be represented in the current code page (1252)
D:\Tin\Nam 3\Ki 1\Разработка приложений на C++ и C(174,22): warning C4566: character represented by universal-character-name '\u0442' cannot be represented in the current code page (1252)
D:\Tin\Nam 3\Ki 1\Разработка приложений на C++ и C(174,22): warning C4566: character represented by universal-character-name '\u0432' cannot be represented in the current code page (1252)
D:\Tin\Nam 3\Ki 1\Разработка приложений на C++ и C(174,22): warning C4566: character represented by universal-character-name '\u0435' cannot be represented in the current code page (1252)
D:\Tin\Nam 3\Ki 1\Разработка приложений на C++ и C(174,22): warning C4566: character represented by universal-character-name '\u0434' cannot be represented in the current code page (1252)
D:\Tin\Nam 3\Ki 1\Разработка приложений на C++ и C(174,22): warning C4566: character represented by universal-character-name '\u0438' cannot be represented in the current code page (1252)
D:\Tin\Nam 3\Ki 1\Разработка приложений на C++ и C(174,22): warning C4566: character represented by universal-character-name '\u043F' cannot be represented in the current code page (1252)
D:\Tin\Nam 3\Ki 1\Разработка приложений на C++ и C(174,22): warning C4566: character represented by universal-character-name '\u0440' cannot be represented in the current code page (1252)
D:\Tin\Nam 3\Ki 1\Разработка приложений на C++ и C(174,22): warning C4566: character represented by universal-character-name '\u044C' cannot be represented in the current code page (1252)
D:\Tin\Nam 3\Ki 1\Разработка приложений на C++ и C(174,22): warning C4566: character represented by universal-character-name '\u043D' cannot be represented in the current code page (1252)
D:\Tin\Nam 3\Ki 1\Разработка приложений на C++ и C(174,22): warning C4566: character represented by universal-character-name '\u044B' cannot be represented in the current code page (1252)
D:\Tin\Nam 3\Ki 1\Разработка приложений на C++ и C(174,22): warning C4566: character represented by universal-character-name '\u0446' cannot be represented in the current code page (1252)
D:\Tin\Nam 3\Ki 1\Разработка приложений на C++ и C(174,22): warning C4566: character represented by universal-character-name '\u0447' cannot be represented in the current code page (1252)
D:\Tin\Nam 3\Ki 1\Разработка приложений на C++ и C(174,22): warning C4566: character represented by universal-character-name '\u044F' cannot be represented in the current code page (1252)
D:\Tin\Nam 3\Ki 1\Разработка приложений на C++ и C(174,22): warning C4566: character represented by universal-character-name '\u0448' cannot be represented in the current code page (1252)
D:\Tin\Nam 3\Ki 1\Разработка приложений на C++ и C(181,21): warning C4566: character represented by universal-character-name '\u0412' cannot be represented in the current code page (1252)
D:\Tin\Nam 3\Ki 1\Разработка приложений на C++ и C(181,21): warning C4566: character represented by universal-character-name '\u0432' cannot be represented in the current code page (1252)
D:\Tin\Nam 3\Ki 1\Разработка приложений на C++ и C(181,21): warning C4566: character represented by universal-character-name '\u0435' cannot be represented in the current code page (1252)
D:\Tin\Nam 3\Ki 1\Разработка приложений на C++ и C(181,21): warning C4566: character represented by universal-character-name '\u0434' cannot be represented in the current code page (1252)
D:\Tin\Nam 3\Ki 1\Разработка приложений на C++ и C(181,21): warning C4566: character represented by universal-character-name '\u0438' cannot be represented in the current code page (1252)
D:\Tin\Nam 3\Ki 1\Разработка приложений на C++ и C(181,21): warning C4566: character represented by universal-character-name '\u0442' cannot be represented in the current code page (1252)
D:\Tin\Nam 3\Ki 1\Разработка приложений на C++ и C(181,21): warning C4566: character represented by universal-character-name '\u043F' cannot be represented in the current code page (1252)
D:\Tin\Nam 3\Ki 1\Разработка приложений на C++ и C(181,21): warning C4566: character represented by universal-character-name '\u0440' cannot be represented in the current code page (1252)
D:\Tin\Nam 3\Ki 1\Разработка приложений на C++ и C(181,21): warning C4566: character represented by universal-character-name '\u0430' cannot be represented in the current code page (1252)
D:\Tin\Nam 3\Ki 1\Разработка приложений на C++ и C(181,21): warning C4566: character represented by universal-character-name '\u043B' cannot be represented in the current code page (1252)
D:\Tin\Nam 3\Ki 1\Разработка приложений на C++ и C(181,21): warning C4566: character represented by universal-character-name '\u044C' cannot be represented in the current code page (1252)
D:\Tin\Nam 3\Ki 1\Разработка приложений на C++ и C(181,21): warning C4566: character represented by universal-character-name '\u043D' cannot be represented in the current code page (1252)
D:\Tin\Nam 3\Ki 1\Разработка приложений на C++ и C(181,21): warning C4566: character represented by universal-character-name '\u044B' cannot be represented in the current code page (1252)
D:\Tin\Nam 3\Ki 1\Разработка приложений на C++ и C(181,21): warning C4566: character represented by universal-character-name '\u0447' cannot be represented in the current code page (1252)
D:\Tin\Nam 3\Ki 1\Разработка приложений на C++ и C(181,21): warning C4566: character represented by universal-character-name '\u0441' cannot be represented in the current code page (1252)
D:\Tin\Nam 3\Ki 1\Разработка приложений на C++ и C(181,21): warning C4566: character represented by universal-character-name '\u043E' cannot be represented in the current code page (1252)
D:\Tin\Nam 3\Ki 1\Разработка приложений на C++ и C(181,21): warning C4566: character represented by universal-character-name '\u0437' cannot be represented in the current code page (1252)
D:\Tin\Nam 3\Ki 1\Разработка приложений на C++ и C(181,21): warning C4566: character represented by universal-character-name '\u044F' cannot be represented in the current code page (1252)
D:\Tin\Nam 3\Ki 1\Разработка приложений на C++ и C(181,21): warning C4566: character represented by universal-character-name '\u0448' cannot be represented in the current code page (1252)
D:\Tin\Nam 3\Ki 1\Разработка приложений на C++ и C(180,21): warning C4101: 'ex': unreferenced local variable
  Generating Code...
  MainForm.obj : MSIL module encountered; incremental linking is disabled for MSIL; performing full link
  Zadach4c++.vcxproj -> D:\Tin\Nam 3\Ki 1\Разработка приложений на C++ и C#\Zadach4c++\x64\Debug\Zadach4c++.exe
